c:\program files\graphisoft\api.development.kit.win.29.3100\examples\browserreplint\build\addon.dir\release\meshpalette.obj
c:\program files\graphisoft\api.development.kit.win.29.3100\examples\browserreplint\build\addon.dir\release\meshintersectionhelper.obj
c:\program files\graphisoft\api.development.kit.win.29.3100\examples\browserreplint\build\addon.dir\release\markuppalette.obj
c:\program files\graphisoft\api.development.kit.win.29.3100\examples\browserreplint\build\addon.dir\release\markuphelper.obj
c:\program files\graphisoft\api.development.kit.win.29.3100\examples\browserreplint\build\addon.dir\release\main.obj
c:\program files\graphisoft\api.development.kit.win.29.3100\examples\browserreplint\build\addon.dir\release\licensemanager.obj
c:\program files\graphisoft\api.development.kit.win.29.3100\examples\browserreplint\build\addon.dir\release\layerhelper.obj
c:\program files\graphisoft\api.development.kit.win.29.3100\examples\browserreplint\build\addon.dir\release\landscapehelper.obj
c:\program files\graphisoft\api.development.kit.win.29.3100\examples\browserreplint\build\addon.dir\release\idlayerspalette.obj
c:\program files\graphisoft\api.development.kit.win.29.3100\examples\browserreplint\build\addon.dir\release\helppalette.obj
c:\program files\graphisoft\api.development.kit.win.29.3100\examples\browserreplint\build\addon.dir\release\groundpalette.obj
c:\program files\graphisoft\api.development.kit.win.29.3100\examples\browserreplint\build\addon.dir\release\groundhelper.obj
c:\program files\graphisoft\api.development.kit.win.29.3100\examples\browserreplint\build\addon.dir\release\gdlhelper.obj
c:\program files\graphisoft\api.development.kit.win.29.3100\examples\browserreplint\build\addon.dir\release\distributionpalette.obj
c:\program files\graphisoft\api.development.kit.win.29.3100\examples\browserreplint\build\addon.dir\release\contourpalette.obj
c:\program files\graphisoft\api.development.kit.win.29.3100\examples\browserreplint\build\addon.dir\release\columnorienthelper.obj
c:\program files\graphisoft\api.development.kit.win.29.3100\examples\browserreplint\build\addon.dir\release\buildhelper.obj
c:\program files\graphisoft\api.development.kit.win.29.3100\examples\browserreplint\build\addon.dir\release\browserrepl.obj
c:\program files\graphisoft\api.development.kit.win.29.3100\examples\browserreplint\build\addon.dir\release\anglepalette.obj
c:\program files\graphisoft\api.development.kit.win.29.3100\examples\browserreplint\build\addon.dir\release\apicommon.obj
c:\program files\graphisoft\api.development.kit.win.29.3100\examples\browserreplint\build\addon.dir\release\useritemdialog.obj
c:\program files\graphisoft\api.development.kit.win.29.3100\examples\browserreplint\build\addon.dir\release\shellhelper.obj
c:\program files\graphisoft\api.development.kit.win.29.3100\examples\browserreplint\build\addon.dir\release\sendxlspalette.obj
c:\program files\graphisoft\api.development.kit.win.29.3100\examples\browserreplint\build\addon.dir\release\selectionpropertyhelper.obj
c:\program files\graphisoft\api.development.kit.win.29.3100\examples\browserreplint\build\addon.dir\release\selectionmetricshelper.obj
c:\program files\graphisoft\api.development.kit.win.29.3100\examples\browserreplint\build\addon.dir\release\selectionhelper.obj
c:\program files\graphisoft\api.development.kit.win.29.3100\examples\browserreplint\build\addon.dir\release\selectiondetailspalette.obj
c:\program files\graphisoft\api.development.kit.win.29.3100\examples\browserreplint\build\addon.dir\release\rotatehelper.obj
c:\program files\graphisoft\api.development.kit.win.29.3100\examples\browserreplint\build\addon.dir\release\roadhelper.obj
c:\program files\graphisoft\api.development.kit.win.29.3100\examples\browserreplint\build\addon.dir\release\randomizerpalette.obj
c:\program files\graphisoft\api.development.kit.win.29.3100\examples\browserreplint\build\addon.dir\release\randomizerhelper.obj
c:\program files\graphisoft\api.development.kit.win.29.3100\examples\browserreplint\build\addon.dir\release\propertyutils.obj
c:\program files\graphisoft\api.development.kit.win.29.3100\examples\browserreplint\build\addon.dir\release\orientationpalette.obj
c:\program files\graphisoft\api.development.kit.win.29.3100\examples\browserreplint\toarchicad\release\landscapehelper_ac29.apx
c:\program files\graphisoft\api.development.kit.win.29.3100\examples\browserreplint\toarchicad\release\landscapehelper_ac29.lib
c:\program files\graphisoft\api.development.kit.win.29.3100\examples\browserreplint\toarchicad\release\landscapehelper_ac29.exp
c:\program files\graphisoft\api.development.kit.win.29.3100\examples\browserreplint\build\addon.dir\release\addon.tlog\cl.command.1.tlog
c:\program files\graphisoft\api.development.kit.win.29.3100\examples\browserreplint\build\addon.dir\release\addon.tlog\cl.items.tlog
c:\program files\graphisoft\api.development.kit.win.29.3100\examples\browserreplint\build\addon.dir\release\addon.tlog\cl.read.1.tlog
c:\program files\graphisoft\api.development.kit.win.29.3100\examples\browserreplint\build\addon.dir\release\addon.tlog\cl.write.1.tlog
c:\program files\graphisoft\api.development.kit.win.29.3100\examples\browserreplint\build\addon.dir\release\addon.tlog\link.command.1.tlog
c:\program files\graphisoft\api.development.kit.win.29.3100\examples\browserreplint\build\addon.dir\release\addon.tlog\link.read.1.tlog
c:\program files\graphisoft\api.development.kit.win.29.3100\examples\browserreplint\build\addon.dir\release\addon.tlog\link.secondary.1.tlog
c:\program files\graphisoft\api.development.kit.win.29.3100\examples\browserreplint\build\addon.dir\release\addon.tlog\link.write.1.tlog
